2022-03-23 10:28:21,701 [Worker-6: Loading available Gradle versions] INFO  o.e.b.c.i.u.g.PublishedGradleVersions - Gradle version information cache is up-to-date. Trying to read.
2022-03-23 10:29:09,195 [Worker-6: Loading available Gradle versions] INFO  o.e.b.c.i.u.g.PublishedGradleVersions - Gradle version information cache is up-to-date. Trying to read.
2022-03-23 10:38:23,357 [Worker-8: Creating maven-archetype-quickstart] INFO  o.e.m.c.i.p.ProjectConfigurationManager - Collecting project info '/pom.xml' C:\Users\rohan\Documents\workspace-spring-tool-suite-4-4.14.0.RELEASE\cg-feb18-spring-demo\pom.xml
2022-03-23 10:38:24,265 [Worker-8: Creating maven-archetype-quickstart] INFO  o.e.m.c.i.l.LifecycleMappingFactory - Using org.eclipse.m2e.jdt.JarLifecycleMapping lifecycle mapping for MavenProject: cg-feb18-spring-demo:cg-feb18-spring-demo:0.0.1-SNAPSHOT @ C:\Users\rohan\Documents\workspace-spring-tool-suite-4-4.14.0.RELEASE\cg-feb18-spring-demo\pom.xml.
2022-03-23 10:38:26,057 [Worker-8: Creating maven-archetype-quickstart] INFO  o.e.m.c.i.e.AbstractTransferListenerAdapter - Downloading https://repo.maven.apache.org/maven2/org/apache/maven/plugins/maven-surefire-plugin/2.12.4/maven-surefire-plugin-2.12.4.pom
2022-03-23 10:38:26,580 [Worker-8: Creating maven-archetype-quickstart] INFO  o.e.m.c.i.e.AbstractTransferListenerAdapter - Downloaded https://repo.maven.apache.org/maven2/org/apache/maven/plugins/maven-surefire-plugin/2.12.4/maven-surefire-plugin-2.12.4.pom
2022-03-23 10:38:26,845 [Worker-8: Creating maven-archetype-quickstart] INFO  o.e.m.c.i.e.AbstractTransferListenerAdapter - Downloading https://repo.maven.apache.org/maven2/org/apache/maven/surefire/surefire/2.12.4/surefire-2.12.4.pom
2022-03-23 10:38:27,151 [Worker-8: Creating maven-archetype-quickstart] INFO  o.e.m.c.i.e.AbstractTransferListenerAdapter - Downloaded https://repo.maven.apache.org/maven2/org/apache/maven/surefire/surefire/2.12.4/surefire-2.12.4.pom
2022-03-23 10:38:27,419 [Worker-8: Creating maven-archetype-quickstart] INFO  o.e.m.c.i.e.AbstractTransferListenerAdapter - Downloading https://repo.maven.apache.org/maven2/org/apache/maven/plugins/maven-jar-plugin/2.4/maven-jar-plugin-2.4.pom
2022-03-23 10:38:27,698 [Worker-8: Creating maven-archetype-quickstart] INFO  o.e.m.c.i.e.AbstractTransferListenerAdapter - Downloaded https://repo.maven.apache.org/maven2/org/apache/maven/plugins/maven-jar-plugin/2.4/maven-jar-plugin-2.4.pom
2022-03-23 10:38:27,961 [Worker-8: Creating maven-archetype-quickstart] INFO  o.e.m.c.i.e.AbstractTransferListenerAdapter - Downloading https://repo.maven.apache.org/maven2/org/apache/maven/plugins/maven-plugins/22/maven-plugins-22.pom
2022-03-23 10:38:28,264 [Worker-8: Creating maven-archetype-quickstart] INFO  o.e.m.c.i.e.AbstractTransferListenerAdapter - Downloaded https://repo.maven.apache.org/maven2/org/apache/maven/plugins/maven-plugins/22/maven-plugins-22.pom
2022-03-23 10:38:28,585 [Worker-8: Creating maven-archetype-quickstart] INFO  o.e.m.c.i.e.AbstractTransferListenerAdapter - Downloading https://repo.maven.apache.org/maven2/org/apache/maven/maven-archiver/2.5/maven-archiver-2.5.pom
2022-03-23 10:38:28,857 [Worker-8: Creating maven-archetype-quickstart] INFO  o.e.m.c.i.e.AbstractTransferListenerAdapter - Downloaded https://repo.maven.apache.org/maven2/org/apache/maven/maven-archiver/2.5/maven-archiver-2.5.pom
2022-03-23 10:38:29,141 [Worker-8: Creating maven-archetype-quickstart] INFO  o.e.m.c.i.e.AbstractTransferListenerAdapter - Downloading https://repo.maven.apache.org/maven2/org/codehaus/plexus/plexus-archiver/2.1/plexus-archiver-2.1.pom
2022-03-23 10:38:29,419 [Worker-8: Creating maven-archetype-quickstart] INFO  o.e.m.c.i.e.AbstractTransferListenerAdapter - Downloaded https://repo.maven.apache.org/maven2/org/codehaus/plexus/plexus-archiver/2.1/plexus-archiver-2.1.pom
2022-03-23 10:38:29,684 [Worker-8: Creating maven-archetype-quickstart] INFO  o.e.m.c.i.e.AbstractTransferListenerAdapter - Downloading https://repo.maven.apache.org/maven2/org/codehaus/plexus/plexus-utils/3.0/plexus-utils-3.0.pom
2022-03-23 10:38:29,964 [Worker-8: Creating maven-archetype-quickstart] INFO  o.e.m.c.i.e.AbstractTransferListenerAdapter - Downloaded https://repo.maven.apache.org/maven2/org/codehaus/plexus/plexus-utils/3.0/plexus-utils-3.0.pom
2022-03-23 10:38:30,532 [Worker-8: Creating maven-archetype-quickstart] INFO  o.e.m.c.i.e.AbstractTransferListenerAdapter - Downloading https://repo.maven.apache.org/maven2/org/sonatype/spice/spice-parent/16/spice-parent-16.pom
2022-03-23 10:38:30,812 [Worker-8: Creating maven-archetype-quickstart] INFO  o.e.m.c.i.e.AbstractTransferListenerAdapter - Downloaded https://repo.maven.apache.org/maven2/org/sonatype/spice/spice-parent/16/spice-parent-16.pom
2022-03-23 10:38:31,112 [Worker-8: Creating maven-archetype-quickstart] INFO  o.e.m.c.i.e.AbstractTransferListenerAdapter - Downloading https://repo.maven.apache.org/maven2/org/sonatype/forge/forge-parent/5/forge-parent-5.pom
2022-03-23 10:38:31,388 [Worker-8: Creating maven-archetype-quickstart] INFO  o.e.m.c.i.e.AbstractTransferListenerAdapter - Downloaded https://repo.maven.apache.org/maven2/org/sonatype/forge/forge-parent/5/forge-parent-5.pom
2022-03-23 10:38:31,653 [Worker-8: Creating maven-archetype-quickstart] INFO  o.e.m.c.i.e.AbstractTransferListenerAdapter - Downloading https://repo.maven.apache.org/maven2/org/codehaus/plexus/plexus-io/2.0.2/plexus-io-2.0.2.pom
2022-03-23 10:38:31,921 [Worker-8: Creating maven-archetype-quickstart] INFO  o.e.m.c.i.e.AbstractTransferListenerAdapter - Downloaded https://repo.maven.apache.org/maven2/org/codehaus/plexus/plexus-io/2.0.2/plexus-io-2.0.2.pom
2022-03-23 10:38:32,196 [Worker-8: Creating maven-archetype-quickstart] INFO  o.e.m.c.i.e.AbstractTransferListenerAdapter - Downloading https://repo.maven.apache.org/maven2/org/codehaus/plexus/plexus-components/1.1.19/plexus-components-1.1.19.pom
2022-03-23 10:38:32,460 [Worker-8: Creating maven-archetype-quickstart] INFO  o.e.m.c.i.e.AbstractTransferListenerAdapter - Downloaded https://repo.maven.apache.org/maven2/org/codehaus/plexus/plexus-components/1.1.19/plexus-components-1.1.19.pom
2022-03-23 10:38:32,766 [Worker-8: Creating maven-archetype-quickstart] INFO  o.e.m.c.i.e.AbstractTransferListenerAdapter - Downloading https://repo.maven.apache.org/maven2/org/codehaus/plexus/plexus/3.0.1/plexus-3.0.1.pom
2022-03-23 10:38:33,056 [Worker-8: Creating maven-archetype-quickstart] INFO  o.e.m.c.i.e.AbstractTransferListenerAdapter - Downloaded https://repo.maven.apache.org/maven2/org/codehaus/plexus/plexus/3.0.1/plexus-3.0.1.pom
2022-03-23 10:38:33,324 [Worker-8: Creating maven-archetype-quickstart] INFO  o.e.m.c.i.e.AbstractTransferListenerAdapter - Downloading https://repo.maven.apache.org/maven2/org/codehaus/plexus/plexus-interpolation/1.15/plexus-interpolation-1.15.pom
2022-03-23 10:38:33,603 [Worker-8: Creating maven-archetype-quickstart] INFO  o.e.m.c.i.e.AbstractTransferListenerAdapter - Downloaded https://repo.maven.apache.org/maven2/org/codehaus/plexus/plexus-interpolation/1.15/plexus-interpolation-1.15.pom
2022-03-23 10:38:33,895 [Worker-8: Creating maven-archetype-quickstart] INFO  o.e.m.c.i.e.AbstractTransferListenerAdapter - Downloading https://repo.maven.apache.org/maven2/commons-lang/commons-lang/2.1/commons-lang-2.1.pom
2022-03-23 10:38:34,166 [Worker-8: Creating maven-archetype-quickstart] INFO  o.e.m.c.i.e.AbstractTransferListenerAdapter - Downloaded https://repo.maven.apache.org/maven2/commons-lang/commons-lang/2.1/commons-lang-2.1.pom
2022-03-23 10:38:34,488 [AetherRepositoryConnector-repo.maven.apache.org-0-2] INFO  o.e.m.c.i.e.AbstractTransferListenerAdapter - Downloading https://repo.maven.apache.org/maven2/org/codehaus/plexus/plexus-interpolation/1.15/plexus-interpolation-1.15.jar
2022-03-23 10:38:34,538 [AetherRepositoryConnector-repo.maven.apache.org-0-4] INFO  o.e.m.c.i.e.AbstractTransferListenerAdapter - Downloading https://repo.maven.apache.org/maven2/org/codehaus/plexus/plexus-io/2.0.2/plexus-io-2.0.2.jar
2022-03-23 10:38:34,962 [AetherRepositoryConnector-repo.maven.apache.org-0-3] INFO  o.e.m.c.i.e.AbstractTransferListenerAdapter - Downloading https://repo.maven.apache.org/maven2/org/codehaus/plexus/plexus-archiver/2.1/plexus-archiver-2.1.jar
2022-03-23 10:38:35,003 [AetherRepositoryConnector-repo.maven.apache.org-0-0] INFO  o.e.m.c.i.e.AbstractTransferListenerAdapter - Downloading https://repo.maven.apache.org/maven2/classworlds/classworlds/1.1-alpha-2/classworlds-1.1-alpha-2.jar
2022-03-23 10:38:35,003 [AetherRepositoryConnector-repo.maven.apache.org-0-1] INFO  o.e.m.c.i.e.AbstractTransferListenerAdapter - Downloading https://repo.maven.apache.org/maven2/org/apache/maven/maven-archiver/2.5/maven-archiver-2.5.jar
2022-03-23 10:38:35,343 [AetherRepositoryConnector-repo.maven.apache.org-0-4] INFO  o.e.m.c.i.e.AbstractTransferListenerAdapter - Downloaded https://repo.maven.apache.org/maven2/org/codehaus/plexus/plexus-io/2.0.2/plexus-io-2.0.2.jar
2022-03-23 10:38:35,343 [AetherRepositoryConnector-repo.maven.apache.org-0-2] INFO  o.e.m.c.i.e.AbstractTransferListenerAdapter - Downloaded https://repo.maven.apache.org/maven2/org/codehaus/plexus/plexus-interpolation/1.15/plexus-interpolation-1.15.jar
2022-03-23 10:38:35,558 [AetherRepositoryConnector-repo.maven.apache.org-0-1] INFO  o.e.m.c.i.e.AbstractTransferListenerAdapter - Downloaded https://repo.maven.apache.org/maven2/org/apache/maven/maven-archiver/2.5/maven-archiver-2.5.jar
2022-03-23 10:38:35,567 [AetherRepositoryConnector-repo.maven.apache.org-0-0] INFO  o.e.m.c.i.e.AbstractTransferListenerAdapter - Downloaded https://repo.maven.apache.org/maven2/classworlds/classworlds/1.1-alpha-2/classworlds-1.1-alpha-2.jar
2022-03-23 10:38:35,813 [AetherRepositoryConnector-repo.maven.apache.org-0-3] INFO  o.e.m.c.i.e.AbstractTransferListenerAdapter - Downloaded https://repo.maven.apache.org/maven2/org/codehaus/plexus/plexus-archiver/2.1/plexus-archiver-2.1.jar
2022-03-23 10:38:35,819 [AetherRepositoryConnector-repo.maven.apache.org-0-2] INFO  o.e.m.c.i.e.AbstractTransferListenerAdapter - Downloading https://repo.maven.apache.org/maven2/commons-lang/commons-lang/2.1/commons-lang-2.1.jar
2022-03-23 10:38:35,922 [AetherRepositoryConnector-repo.maven.apache.org-0-4] INFO  o.e.m.c.i.e.AbstractTransferListenerAdapter - Downloading https://repo.maven.apache.org/maven2/org/codehaus/plexus/plexus-utils/3.0/plexus-utils-3.0.jar
2022-03-23 10:38:36,175 [AetherRepositoryConnector-repo.maven.apache.org-0-2] INFO  o.e.m.c.i.e.AbstractTransferListenerAdapter - Downloaded https://repo.maven.apache.org/maven2/commons-lang/commons-lang/2.1/commons-lang-2.1.jar
2022-03-23 10:38:36,431 [AetherRepositoryConnector-repo.maven.apache.org-0-4] INFO  o.e.m.c.i.e.AbstractTransferListenerAdapter - Downloaded https://repo.maven.apache.org/maven2/org/codehaus/plexus/plexus-utils/3.0/plexus-utils-3.0.jar
2022-03-23 10:38:36,699 [Worker-8: Creating maven-archetype-quickstart] INFO  o.e.m.j.i.AbstractJavaProjectConfigurator - Adding source folder /cg-feb18-spring-demo/src/main/java
2022-03-23 10:38:36,705 [Worker-8: Creating maven-archetype-quickstart] INFO  o.e.m.j.i.AbstractJavaProjectConfigurator - Adding source folder /cg-feb18-spring-demo/src/test/java
2022-03-23 10:38:36,822 [Worker-8: Creating maven-archetype-quickstart] INFO  o.e.m.c.i.p.ProjectConfigurationManager - Imported and configured 1 project(s) in 13 sec
2022-03-23 10:38:37,485 [Worker-1: Building] INFO  o.e.m.c.i.embedder.EclipseLogger - Using 'UTF-8' encoding to copy filtered resources.
2022-03-23 10:38:37,485 [Worker-1: Building] INFO  o.e.m.c.i.embedder.EclipseLogger - skip non existing resourceDirectory C:\Users\rohan\Documents\workspace-spring-tool-suite-4-4.14.0.RELEASE\cg-feb18-spring-demo\src\main\resources
2022-03-23 10:38:37,487 [Worker-1: Building] INFO  o.e.m.c.i.embedder.EclipseLogger - Using 'UTF-8' encoding to copy filtered resources.
2022-03-23 10:38:37,487 [Worker-1: Building] INFO  o.e.m.c.i.embedder.EclipseLogger - skip non existing resourceDirectory C:\Users\rohan\Documents\workspace-spring-tool-suite-4-4.14.0.RELEASE\cg-feb18-spring-demo\src\test\resources
2022-03-23 10:44:40,516 [Worker-15: Building] INFO  o.e.m.c.i.l.LifecycleMappingFactory - Using org.eclipse.m2e.jdt.JarLifecycleMapping lifecycle mapping for MavenProject: cg-feb18-spring-demo:cg-feb18-spring-demo:0.0.1-SNAPSHOT @ C:\Users\rohan\Documents\workspace-spring-tool-suite-4-4.14.0.RELEASE\cg-feb18-spring-demo\pom.xml.
2022-03-23 10:44:41,610 [AetherRepositoryConnector-repo.maven.apache.org-1-4] INFO  o.e.m.c.i.e.AbstractTransferListenerAdapter - Downloading https://repo.maven.apache.org/maven2/org/springframework/spring-expression/5.2.10.RELEASE/spring-expression-5.2.10.RELEASE.jar
2022-03-23 10:44:42,146 [AetherRepositoryConnector-repo.maven.apache.org-1-1] INFO  o.e.m.c.i.e.AbstractTransferListenerAdapter - Downloading https://repo.maven.apache.org/maven2/org/springframework/spring-context/5.2.10.RELEASE/spring-context-5.2.10.RELEASE.jar
2022-03-23 10:44:42,146 [AetherRepositoryConnector-repo.maven.apache.org-1-3] INFO  o.e.m.c.i.e.AbstractTransferListenerAdapter - Downloading https://repo.maven.apache.org/maven2/org/springframework/spring-beans/5.2.10.RELEASE/spring-beans-5.2.10.RELEASE.jar
2022-03-23 10:44:42,146 [AetherRepositoryConnector-repo.maven.apache.org-1-0] INFO  o.e.m.c.i.e.AbstractTransferListenerAdapter - Downloading https://repo.maven.apache.org/maven2/org/springframework/spring-core/5.2.10.RELEASE/spring-core-5.2.10.RELEASE.jar
2022-03-23 10:44:42,146 [AetherRepositoryConnector-repo.maven.apache.org-1-2] INFO  o.e.m.c.i.e.AbstractTransferListenerAdapter - Downloading https://repo.maven.apache.org/maven2/org/springframework/spring-aop/5.2.10.RELEASE/spring-aop-5.2.10.RELEASE.jar
2022-03-23 10:44:43,317 [AetherRepositoryConnector-repo.maven.apache.org-1-0] INFO  o.e.m.c.i.e.AbstractTransferListenerAdapter - Downloaded https://repo.maven.apache.org/maven2/org/springframework/spring-core/5.2.10.RELEASE/spring-core-5.2.10.RELEASE.jar
2022-03-23 10:44:43,317 [AetherRepositoryConnector-repo.maven.apache.org-1-1] INFO  o.e.m.c.i.e.AbstractTransferListenerAdapter - Downloaded https://repo.maven.apache.org/maven2/org/springframework/spring-context/5.2.10.RELEASE/spring-context-5.2.10.RELEASE.jar
2022-03-23 10:44:43,321 [AetherRepositoryConnector-repo.maven.apache.org-1-2] INFO  o.e.m.c.i.e.AbstractTransferListenerAdapter - Downloaded https://repo.maven.apache.org/maven2/org/springframework/spring-aop/5.2.10.RELEASE/spring-aop-5.2.10.RELEASE.jar
2022-03-23 10:44:43,323 [AetherRepositoryConnector-repo.maven.apache.org-1-3] INFO  o.e.m.c.i.e.AbstractTransferListenerAdapter - Downloaded https://repo.maven.apache.org/maven2/org/springframework/spring-beans/5.2.10.RELEASE/spring-beans-5.2.10.RELEASE.jar
2022-03-23 10:44:43,421 [AetherRepositoryConnector-repo.maven.apache.org-1-4] INFO  o.e.m.c.i.e.AbstractTransferListenerAdapter - Downloaded https://repo.maven.apache.org/maven2/org/springframework/spring-expression/5.2.10.RELEASE/spring-expression-5.2.10.RELEASE.jar
2022-03-23 10:44:43,790 [Worker-1: Building] INFO  o.e.m.c.i.embedder.EclipseLogger - Using 'UTF-8' encoding to copy filtered resources.
2022-03-23 10:44:43,791 [Worker-1: Building] INFO  o.e.m.c.i.embedder.EclipseLogger - skip non existing resourceDirectory C:\Users\rohan\Documents\workspace-spring-tool-suite-4-4.14.0.RELEASE\cg-feb18-spring-demo\src\main\resources
2022-03-23 10:44:43,793 [Worker-1: Building] INFO  o.e.m.c.i.embedder.EclipseLogger - Using 'UTF-8' encoding to copy filtered resources.
2022-03-23 10:44:43,793 [Worker-1: Building] INFO  o.e.m.c.i.embedder.EclipseLogger - skip non existing resourceDirectory C:\Users\rohan\Documents\workspace-spring-tool-suite-4-4.14.0.RELEASE\cg-feb18-spring-demo\src\test\resources
2022-03-23 10:44:45,649 [Worker-17: Download sources and javadoc] INFO  o.e.m.c.i.e.AbstractTransferListenerAdapter - Downloading https://repo.maven.apache.org/maven2/org/springframework/spring-core/5.2.10.RELEASE/spring-core-5.2.10.RELEASE-sources.jar
2022-03-23 10:44:47,532 [Worker-17: Download sources and javadoc] INFO  o.e.m.c.i.e.AbstractTransferListenerAdapter - Downloaded https://repo.maven.apache.org/maven2/org/springframework/spring-core/5.2.10.RELEASE/spring-core-5.2.10.RELEASE-sources.jar
2022-03-23 10:44:47,535 [Worker-17: Download sources and javadoc] INFO  o.e.m.j.internal.DownloadSourcesJob - Downloaded sources for org.springframework:spring-core:5.2.10.RELEASE
2022-03-23 10:44:48,574 [Worker-17: Download sources and javadoc] INFO  o.e.m.c.i.e.AbstractTransferListenerAdapter - Downloading https://repo.maven.apache.org/maven2/org/springframework/spring-jcl/5.2.10.RELEASE/spring-jcl-5.2.10.RELEASE-sources.jar
2022-03-23 10:44:49,125 [Worker-17: Download sources and javadoc] INFO  o.e.m.c.i.e.AbstractTransferListenerAdapter - Downloaded https://repo.maven.apache.org/maven2/org/springframework/spring-jcl/5.2.10.RELEASE/spring-jcl-5.2.10.RELEASE-sources.jar
2022-03-23 10:44:49,128 [Worker-17: Download sources and javadoc] INFO  o.e.m.j.internal.DownloadSourcesJob - Downloaded sources for org.springframework:spring-jcl:5.2.10.RELEASE
2022-03-23 10:44:50,295 [Worker-17: Download sources and javadoc] INFO  o.e.m.c.i.e.AbstractTransferListenerAdapter - Downloading https://repo.maven.apache.org/maven2/org/springframework/spring-context/5.2.10.RELEASE/spring-context-5.2.10.RELEASE-sources.jar
2022-03-23 10:44:52,269 [Worker-17: Download sources and javadoc] INFO  o.e.m.c.i.e.AbstractTransferListenerAdapter - Downloaded https://repo.maven.apache.org/maven2/org/springframework/spring-context/5.2.10.RELEASE/spring-context-5.2.10.RELEASE-sources.jar
2022-03-23 10:44:52,273 [Worker-17: Download sources and javadoc] INFO  o.e.m.j.internal.DownloadSourcesJob - Downloaded sources for org.springframework:spring-context:5.2.10.RELEASE
2022-03-23 10:44:53,401 [Worker-17: Download sources and javadoc] INFO  o.e.m.c.i.e.AbstractTransferListenerAdapter - Downloading https://repo.maven.apache.org/maven2/org/springframework/spring-aop/5.2.10.RELEASE/spring-aop-5.2.10.RELEASE-sources.jar
2022-03-23 10:44:54,658 [Worker-17: Download sources and javadoc] INFO  o.e.m.c.i.e.AbstractTransferListenerAdapter - Downloaded https://repo.maven.apache.org/maven2/org/springframework/spring-aop/5.2.10.RELEASE/spring-aop-5.2.10.RELEASE-sources.jar
2022-03-23 10:44:54,661 [Worker-17: Download sources and javadoc] INFO  o.e.m.j.internal.DownloadSourcesJob - Downloaded sources for org.springframework:spring-aop:5.2.10.RELEASE
2022-03-23 10:44:55,736 [Worker-17: Download sources and javadoc] INFO  o.e.m.c.i.e.AbstractTransferListenerAdapter - Downloading https://repo.maven.apache.org/maven2/org/springframework/spring-beans/5.2.10.RELEASE/spring-beans-5.2.10.RELEASE-sources.jar
2022-03-23 10:44:57,387 [Worker-17: Download sources and javadoc] INFO  o.e.m.c.i.e.AbstractTransferListenerAdapter - Downloaded https://repo.maven.apache.org/maven2/org/springframework/spring-beans/5.2.10.RELEASE/spring-beans-5.2.10.RELEASE-sources.jar
2022-03-23 10:44:57,392 [Worker-17: Download sources and javadoc] INFO  o.e.m.j.internal.DownloadSourcesJob - Downloaded sources for org.springframework:spring-beans:5.2.10.RELEASE
2022-03-23 10:44:58,457 [Worker-17: Download sources and javadoc] INFO  o.e.m.c.i.e.AbstractTransferListenerAdapter - Downloading https://repo.maven.apache.org/maven2/org/springframework/spring-expression/5.2.10.RELEASE/spring-expression-5.2.10.RELEASE-sources.jar
2022-03-23 10:44:59,356 [Worker-17: Download sources and javadoc] INFO  o.e.m.c.i.e.AbstractTransferListenerAdapter - Downloaded https://repo.maven.apache.org/maven2/org/springframework/spring-expression/5.2.10.RELEASE/spring-expression-5.2.10.RELEASE-sources.jar
2022-03-23 10:44:59,360 [Worker-17: Download sources and javadoc] INFO  o.e.m.j.internal.DownloadSourcesJob - Downloaded sources for org.springframework:spring-expression:5.2.10.RELEASE
2022-03-23 10:44:59,631 [Worker-1: Building] INFO  o.e.m.c.i.embedder.EclipseLogger - Using 'UTF-8' encoding to copy filtered resources.
2022-03-23 10:44:59,632 [Worker-1: Building] INFO  o.e.m.c.i.embedder.EclipseLogger - skip non existing resourceDirectory C:\Users\rohan\Documents\workspace-spring-tool-suite-4-4.14.0.RELEASE\cg-feb18-spring-demo\src\main\resources
2022-03-23 10:44:59,632 [Worker-1: Building] INFO  o.e.m.c.i.embedder.EclipseLogger - Using 'UTF-8' encoding to copy filtered resources.
2022-03-23 10:44:59,633 [Worker-1: Building] INFO  o.e.m.c.i.embedder.EclipseLogger - skip non existing resourceDirectory C:\Users\rohan\Documents\workspace-spring-tool-suite-4-4.14.0.RELEASE\cg-feb18-spring-demo\src\test\resources
2022-03-23 10:53:11,653 [Worker-21: Building] INFO  o.e.m.c.i.l.LifecycleMappingFactory - Using org.eclipse.m2e.jdt.JarLifecycleMapping lifecycle mapping for MavenProject: cg-feb18-spring-demo:cg-feb18-spring-demo:0.0.1-SNAPSHOT @ C:\Users\rohan\Documents\workspace-spring-tool-suite-4-4.14.0.RELEASE\cg-feb18-spring-demo\pom.xml.
2022-03-23 10:53:11,862 [Worker-21: Building] INFO  o.e.m.c.i.embedder.EclipseLogger - Using 'UTF-8' encoding to copy filtered resources.
2022-03-23 10:53:11,863 [Worker-21: Building] INFO  o.e.m.c.i.embedder.EclipseLogger - skip non existing resourceDirectory C:\Users\rohan\Documents\workspace-spring-tool-suite-4-4.14.0.RELEASE\cg-feb18-spring-demo\src\main\resources
2022-03-23 10:53:11,865 [Worker-21: Building] INFO  o.e.m.c.i.embedder.EclipseLogger - Using 'UTF-8' encoding to copy filtered resources.
2022-03-23 10:53:11,866 [Worker-21: Building] INFO  o.e.m.c.i.embedder.EclipseLogger - skip non existing resourceDirectory C:\Users\rohan\Documents\workspace-spring-tool-suite-4-4.14.0.RELEASE\cg-feb18-spring-demo\src\test\resources
2022-03-23 10:53:13,302 [Worker-23: Building] INFO  o.e.m.c.i.embedder.EclipseLogger - Using 'UTF-8' encoding to copy filtered resources.
2022-03-23 10:53:13,303 [Worker-23: Building] INFO  o.e.m.c.i.embedder.EclipseLogger - skip non existing resourceDirectory C:\Users\rohan\Documents\workspace-spring-tool-suite-4-4.14.0.RELEASE\cg-feb18-spring-demo\src\main\resources
2022-03-23 10:53:13,304 [Worker-23: Building] INFO  o.e.m.c.i.embedder.EclipseLogger - Using 'UTF-8' encoding to copy filtered resources.
2022-03-23 10:53:13,304 [Worker-23: Building] INFO  o.e.m.c.i.embedder.EclipseLogger - skip non existing resourceDirectory C:\Users\rohan\Documents\workspace-spring-tool-suite-4-4.14.0.RELEASE\cg-feb18-spring-demo\src\test\resources
2022-03-23 10:54:19,841 [Worker-22: Updating Maven Project] INFO  o.e.m.c.i.p.ProjectConfigurationManager - Update started
2022-03-23 10:54:20,078 [Worker-22: Updating Maven Project] INFO  o.e.m.c.i.l.LifecycleMappingFactory - Using org.eclipse.m2e.jdt.JarLifecycleMapping lifecycle mapping for MavenProject: cg-feb18-spring-demo:cg-feb18-spring-demo:0.0.1-SNAPSHOT @ C:\Users\rohan\Documents\workspace-spring-tool-suite-4-4.14.0.RELEASE\cg-feb18-spring-demo\pom.xml.
2022-03-23 10:54:20,219 [Worker-22: Updating Maven Project] INFO  o.e.m.j.i.AbstractJavaProjectConfigurator - Adding source folder /cg-feb18-spring-demo/src/main/java
2022-03-23 10:54:20,220 [Worker-22: Updating Maven Project] INFO  o.e.m.j.i.AbstractJavaProjectConfigurator - Adding source folder /cg-feb18-spring-demo/src/test/java
2022-03-23 10:54:20,363 [Worker-22: Updating Maven Project] INFO  o.e.m.c.i.p.ProjectConfigurationManager - Update completed: 0 sec
2022-03-23 10:54:20,542 [Worker-15: Building] INFO  o.e.m.c.i.embedder.EclipseLogger - Using 'UTF-8' encoding to copy filtered resources.
2022-03-23 10:54:20,542 [Worker-15: Building] INFO  o.e.m.c.i.embedder.EclipseLogger - skip non existing resourceDirectory C:\Users\rohan\Documents\workspace-spring-tool-suite-4-4.14.0.RELEASE\cg-feb18-spring-demo\src\main\resources
2022-03-23 10:54:20,544 [Worker-15: Building] INFO  o.e.m.c.i.embedder.EclipseLogger - Using 'UTF-8' encoding to copy filtered resources.
2022-03-23 10:54:20,544 [Worker-15: Building] INFO  o.e.m.c.i.embedder.EclipseLogger - skip non existing resourceDirectory C:\Users\rohan\Documents\workspace-spring-tool-suite-4-4.14.0.RELEASE\cg-feb18-spring-demo\src\test\resources
2022-03-23 10:54:52,018 [Worker-24: Building] INFO  o.e.m.c.i.embedder.EclipseLogger - Using 'UTF-8' encoding to copy filtered resources.
2022-03-23 10:54:52,018 [Worker-24: Building] INFO  o.e.m.c.i.embedder.EclipseLogger - skip non existing resourceDirectory C:\Users\rohan\Documents\workspace-spring-tool-suite-4-4.14.0.RELEASE\cg-feb18-spring-demo\src\main\resources
2022-03-23 10:54:52,019 [Worker-24: Building] INFO  o.e.m.c.i.embedder.EclipseLogger - Using 'UTF-8' encoding to copy filtered resources.
2022-03-23 10:54:52,020 [Worker-24: Building] INFO  o.e.m.c.i.embedder.EclipseLogger - skip non existing resourceDirectory C:\Users\rohan\Documents\workspace-spring-tool-suite-4-4.14.0.RELEASE\cg-feb18-spring-demo\src\test\resources
2022-03-23 10:55:58,487 [Worker-24: Building] INFO  o.e.m.c.i.embedder.EclipseLogger - Using 'UTF-8' encoding to copy filtered resources.
2022-03-23 10:55:58,487 [Worker-24: Building] INFO  o.e.m.c.i.embedder.EclipseLogger - skip non existing resourceDirectory C:\Users\rohan\Documents\workspace-spring-tool-suite-4-4.14.0.RELEASE\cg-feb18-spring-demo\src\main\resources
2022-03-23 10:55:58,489 [Worker-24: Building] INFO  o.e.m.c.i.embedder.EclipseLogger - Using 'UTF-8' encoding to copy filtered resources.
2022-03-23 10:55:58,489 [Worker-24: Building] INFO  o.e.m.c.i.embedder.EclipseLogger - skip non existing resourceDirectory C:\Users\rohan\Documents\workspace-spring-tool-suite-4-4.14.0.RELEASE\cg-feb18-spring-demo\src\test\resources
2022-03-23 10:57:08,486 [Worker-21: Building] INFO  o.e.m.c.i.embedder.EclipseLogger - Using 'UTF-8' encoding to copy filtered resources.
2022-03-23 10:57:08,487 [Worker-21: Building] INFO  o.e.m.c.i.embedder.EclipseLogger - skip non existing resourceDirectory C:\Users\rohan\Documents\workspace-spring-tool-suite-4-4.14.0.RELEASE\cg-feb18-spring-demo\src\main\resources
2022-03-23 10:57:08,487 [Worker-21: Building] INFO  o.e.m.c.i.embedder.EclipseLogger - Using 'UTF-8' encoding to copy filtered resources.
2022-03-23 10:57:08,488 [Worker-21: Building] INFO  o.e.m.c.i.embedder.EclipseLogger - skip non existing resourceDirectory C:\Users\rohan\Documents\workspace-spring-tool-suite-4-4.14.0.RELEASE\cg-feb18-spring-demo\src\test\resources
2022-03-23 11:27:05,297 [Worker-30: Building] INFO  o.e.m.c.i.embedder.EclipseLogger - Using 'UTF-8' encoding to copy filtered resources.
2022-03-23 11:27:05,297 [Worker-30: Building] INFO  o.e.m.c.i.embedder.EclipseLogger - skip non existing resourceDirectory C:\Users\rohan\Documents\workspace-spring-tool-suite-4-4.14.0.RELEASE\cg-feb18-spring-demo\src\main\resources
2022-03-23 11:27:05,299 [Worker-30: Building] INFO  o.e.m.c.i.embedder.EclipseLogger - Using 'UTF-8' encoding to copy filtered resources.
2022-03-23 11:27:05,299 [Worker-30: Building] INFO  o.e.m.c.i.embedder.EclipseLogger - skip non existing resourceDirectory C:\Users\rohan\Documents\workspace-spring-tool-suite-4-4.14.0.RELEASE\cg-feb18-spring-demo\src\test\resources
2022-03-23 11:27:15,027 [Worker-30: Building] INFO  o.e.m.c.i.embedder.EclipseLogger - Using 'UTF-8' encoding to copy filtered resources.
2022-03-23 11:27:15,028 [Worker-30: Building] INFO  o.e.m.c.i.embedder.EclipseLogger - skip non existing resourceDirectory C:\Users\rohan\Documents\workspace-spring-tool-suite-4-4.14.0.RELEASE\cg-feb18-spring-demo\src\main\resources
2022-03-23 11:27:15,030 [Worker-30: Building] INFO  o.e.m.c.i.embedder.EclipseLogger - Using 'UTF-8' encoding to copy filtered resources.
2022-03-23 11:27:15,031 [Worker-30: Building] INFO  o.e.m.c.i.embedder.EclipseLogger - skip non existing resourceDirectory C:\Users\rohan\Documents\workspace-spring-tool-suite-4-4.14.0.RELEASE\cg-feb18-spring-demo\src\test\resources
2022-03-23 11:28:11,896 [Worker-30: Building] INFO  o.e.m.c.i.embedder.EclipseLogger - Using 'UTF-8' encoding to copy filtered resources.
2022-03-23 11:28:11,897 [Worker-30: Building] INFO  o.e.m.c.i.embedder.EclipseLogger - skip non existing resourceDirectory C:\Users\rohan\Documents\workspace-spring-tool-suite-4-4.14.0.RELEASE\cg-feb18-spring-demo\src\main\resources
2022-03-23 11:28:11,898 [Worker-30: Building] INFO  o.e.m.c.i.embedder.EclipseLogger - Using 'UTF-8' encoding to copy filtered resources.
2022-03-23 11:28:11,898 [Worker-30: Building] INFO  o.e.m.c.i.embedder.EclipseLogger - skip non existing resourceDirectory C:\Users\rohan\Documents\workspace-spring-tool-suite-4-4.14.0.RELEASE\cg-feb18-spring-demo\src\test\resources
2022-03-23 11:31:48,123 [Worker-33: Building] INFO  o.e.m.c.i.embedder.EclipseLogger - Using 'UTF-8' encoding to copy filtered resources.
2022-03-23 11:31:48,125 [Worker-33: Building] INFO  o.e.m.c.i.embedder.EclipseLogger - skip non existing resourceDirectory C:\Users\rohan\Documents\workspace-spring-tool-suite-4-4.14.0.RELEASE\cg-feb18-spring-demo\src\main\resources
2022-03-23 11:31:48,127 [Worker-33: Building] INFO  o.e.m.c.i.embedder.EclipseLogger - Using 'UTF-8' encoding to copy filtered resources.
2022-03-23 11:31:48,127 [Worker-33: Building] INFO  o.e.m.c.i.embedder.EclipseLogger - skip non existing resourceDirectory C:\Users\rohan\Documents\workspace-spring-tool-suite-4-4.14.0.RELEASE\cg-feb18-spring-demo\src\test\resources
2022-03-23 11:32:34,960 [Worker-34: Building] INFO  o.e.m.c.i.embedder.EclipseLogger - Using 'UTF-8' encoding to copy filtered resources.
2022-03-23 11:32:34,961 [Worker-34: Building] INFO  o.e.m.c.i.embedder.EclipseLogger - skip non existing resourceDirectory C:\Users\rohan\Documents\workspace-spring-tool-suite-4-4.14.0.RELEASE\cg-feb18-spring-demo\src\main\resources
2022-03-23 11:32:34,962 [Worker-34: Building] INFO  o.e.m.c.i.embedder.EclipseLogger - Using 'UTF-8' encoding to copy filtered resources.
2022-03-23 11:32:34,962 [Worker-34: Building] INFO  o.e.m.c.i.embedder.EclipseLogger - skip non existing resourceDirectory C:\Users\rohan\Documents\workspace-spring-tool-suite-4-4.14.0.RELEASE\cg-feb18-spring-demo\src\test\resources
2022-03-23 11:32:58,285 [Worker-31: Building] INFO  o.e.m.c.i.embedder.EclipseLogger - Using 'UTF-8' encoding to copy filtered resources.
2022-03-23 11:32:58,285 [Worker-31: Building] INFO  o.e.m.c.i.embedder.EclipseLogger - skip non existing resourceDirectory C:\Users\rohan\Documents\workspace-spring-tool-suite-4-4.14.0.RELEASE\cg-feb18-spring-demo\src\main\resources
2022-03-23 11:32:58,287 [Worker-31: Building] INFO  o.e.m.c.i.embedder.EclipseLogger - Using 'UTF-8' encoding to copy filtered resources.
2022-03-23 11:32:58,287 [Worker-31: Building] INFO  o.e.m.c.i.embedder.EclipseLogger - skip non existing resourceDirectory C:\Users\rohan\Documents\workspace-spring-tool-suite-4-4.14.0.RELEASE\cg-feb18-spring-demo\src\test\resources
2022-03-23 11:34:09,467 [Worker-31: Launching App] INFO  o.e.m.c.i.embedder.EclipseLogger - Using 'UTF-8' encoding to copy filtered resources.
2022-03-23 11:34:09,468 [Worker-31: Launching App] INFO  o.e.m.c.i.embedder.EclipseLogger - skip non existing resourceDirectory C:\Users\rohan\Documents\workspace-spring-tool-suite-4-4.14.0.RELEASE\cg-feb18-spring-demo\src\main\resources
2022-03-23 11:34:09,469 [Worker-31: Launching App] INFO  o.e.m.c.i.embedder.EclipseLogger - Using 'UTF-8' encoding to copy filtered resources.
2022-03-23 11:34:09,469 [Worker-31: Launching App] INFO  o.e.m.c.i.embedder.EclipseLogger - skip non existing resourceDirectory C:\Users\rohan\Documents\workspace-spring-tool-suite-4-4.14.0.RELEASE\cg-feb18-spring-demo\src\test\resources
2022-03-23 11:34:22,473 [Worker-35: Launching App] INFO  o.e.m.c.i.embedder.EclipseLogger - Using 'UTF-8' encoding to copy filtered resources.
2022-03-23 11:34:22,474 [Worker-35: Launching App] INFO  o.e.m.c.i.embedder.EclipseLogger - skip non existing resourceDirectory C:\Users\rohan\Documents\workspace-spring-tool-suite-4-4.14.0.RELEASE\cg-feb18-spring-demo\src\main\resources
2022-03-23 11:34:22,475 [Worker-35: Launching App] INFO  o.e.m.c.i.embedder.EclipseLogger - Using 'UTF-8' encoding to copy filtered resources.
2022-03-23 11:34:22,475 [Worker-35: Launching App] INFO  o.e.m.c.i.embedder.EclipseLogger - skip non existing resourceDirectory C:\Users\rohan\Documents\workspace-spring-tool-suite-4-4.14.0.RELEASE\cg-feb18-spring-demo\src\test\resources
2022-03-23 11:40:40,847 [Worker-25: Launching App] INFO  o.e.m.c.i.embedder.EclipseLogger - Using 'UTF-8' encoding to copy filtered resources.
2022-03-23 11:40:40,848 [Worker-25: Launching App] INFO  o.e.m.c.i.embedder.EclipseLogger - skip non existing resourceDirectory C:\Users\rohan\Documents\workspace-spring-tool-suite-4-4.14.0.RELEASE\cg-feb18-spring-demo\src\main\resources
2022-03-23 11:40:40,849 [Worker-25: Launching App] INFO  o.e.m.c.i.embedder.EclipseLogger - Using 'UTF-8' encoding to copy filtered resources.
2022-03-23 11:40:40,850 [Worker-25: Launching App] INFO  o.e.m.c.i.embedder.EclipseLogger - skip non existing resourceDirectory C:\Users\rohan\Documents\workspace-spring-tool-suite-4-4.14.0.RELEASE\cg-feb18-spring-demo\src\test\resources
2022-03-23 11:41:27,717 [Worker-39: Building] INFO  o.e.m.c.i.embedder.EclipseLogger - Using 'UTF-8' encoding to copy filtered resources.
2022-03-23 11:41:27,718 [Worker-39: Building] INFO  o.e.m.c.i.embedder.EclipseLogger - skip non existing resourceDirectory C:\Users\rohan\Documents\workspace-spring-tool-suite-4-4.14.0.RELEASE\cg-feb18-spring-demo\src\main\resources
2022-03-23 11:41:27,719 [Worker-39: Building] INFO  o.e.m.c.i.embedder.EclipseLogger - Using 'UTF-8' encoding to copy filtered resources.
2022-03-23 11:41:27,720 [Worker-39: Building] INFO  o.e.m.c.i.embedder.EclipseLogger - skip non existing resourceDirectory C:\Users\rohan\Documents\workspace-spring-tool-suite-4-4.14.0.RELEASE\cg-feb18-spring-demo\src\test\resources
2022-03-23 12:10:27,527 [Worker-41: Building] INFO  o.e.m.c.i.embedder.EclipseLogger - Using 'UTF-8' encoding to copy filtered resources.
2022-03-23 12:10:27,528 [Worker-41: Building] INFO  o.e.m.c.i.embedder.EclipseLogger - skip non existing resourceDirectory C:\Users\rohan\Documents\workspace-spring-tool-suite-4-4.14.0.RELEASE\cg-feb18-spring-demo\src\main\resources
2022-03-23 12:10:27,532 [Worker-41: Building] INFO  o.e.m.c.i.embedder.EclipseLogger - Using 'UTF-8' encoding to copy filtered resources.
2022-03-23 12:10:27,532 [Worker-41: Building] INFO  o.e.m.c.i.embedder.EclipseLogger - skip non existing resourceDirectory C:\Users\rohan\Documents\workspace-spring-tool-suite-4-4.14.0.RELEASE\cg-feb18-spring-demo\src\test\resources
2022-03-23 12:13:13,904 [Worker-40: Building] INFO  o.e.m.c.i.embedder.EclipseLogger - Using 'UTF-8' encoding to copy filtered resources.
2022-03-23 12:13:13,905 [Worker-40: Building] INFO  o.e.m.c.i.embedder.EclipseLogger - skip non existing resourceDirectory C:\Users\rohan\Documents\workspace-spring-tool-suite-4-4.14.0.RELEASE\cg-feb18-spring-demo\src\main\resources
2022-03-23 12:13:13,907 [Worker-40: Building] INFO  o.e.m.c.i.embedder.EclipseLogger - Using 'UTF-8' encoding to copy filtered resources.
2022-03-23 12:13:13,907 [Worker-40: Building] INFO  o.e.m.c.i.embedder.EclipseLogger - skip non existing resourceDirectory C:\Users\rohan\Documents\workspace-spring-tool-suite-4-4.14.0.RELEASE\cg-feb18-spring-demo\src\test\resources
2022-03-23 12:14:57,449 [Worker-38: Building] INFO  o.e.m.c.i.embedder.EclipseLogger - Using 'UTF-8' encoding to copy filtered resources.
2022-03-23 12:14:57,450 [Worker-38: Building] INFO  o.e.m.c.i.embedder.EclipseLogger - skip non existing resourceDirectory C:\Users\rohan\Documents\workspace-spring-tool-suite-4-4.14.0.RELEASE\cg-feb18-spring-demo\src\main\resources
2022-03-23 12:14:57,452 [Worker-38: Building] INFO  o.e.m.c.i.embedder.EclipseLogger - Using 'UTF-8' encoding to copy filtered resources.
2022-03-23 12:14:57,453 [Worker-38: Building] INFO  o.e.m.c.i.embedder.EclipseLogger - skip non existing resourceDirectory C:\Users\rohan\Documents\workspace-spring-tool-suite-4-4.14.0.RELEASE\cg-feb18-spring-demo\src\test\resources
2022-03-23 12:15:05,877 [Worker-38: Building] INFO  o.e.m.c.i.embedder.EclipseLogger - Using 'UTF-8' encoding to copy filtered resources.
2022-03-23 12:15:05,878 [Worker-38: Building] INFO  o.e.m.c.i.embedder.EclipseLogger - skip non existing resourceDirectory C:\Users\rohan\Documents\workspace-spring-tool-suite-4-4.14.0.RELEASE\cg-feb18-spring-demo\src\main\resources
2022-03-23 12:15:05,879 [Worker-38: Building] INFO  o.e.m.c.i.embedder.EclipseLogger - Using 'UTF-8' encoding to copy filtered resources.
2022-03-23 12:15:05,879 [Worker-38: Building] INFO  o.e.m.c.i.embedder.EclipseLogger - skip non existing resourceDirectory C:\Users\rohan\Documents\workspace-spring-tool-suite-4-4.14.0.RELEASE\cg-feb18-spring-demo\src\test\resources
2022-03-23 12:15:33,694 [Worker-43: Building] INFO  o.e.m.c.i.embedder.EclipseLogger - Using 'UTF-8' encoding to copy filtered resources.
2022-03-23 12:15:33,695 [Worker-43: Building] INFO  o.e.m.c.i.embedder.EclipseLogger - skip non existing resourceDirectory C:\Users\rohan\Documents\workspace-spring-tool-suite-4-4.14.0.RELEASE\cg-feb18-spring-demo\src\main\resources
2022-03-23 12:15:33,696 [Worker-43: Building] INFO  o.e.m.c.i.embedder.EclipseLogger - Using 'UTF-8' encoding to copy filtered resources.
2022-03-23 12:15:33,696 [Worker-43: Building] INFO  o.e.m.c.i.embedder.EclipseLogger - skip non existing resourceDirectory C:\Users\rohan\Documents\workspace-spring-tool-suite-4-4.14.0.RELEASE\cg-feb18-spring-demo\src\test\resources
2022-03-23 12:18:29,736 [Worker-40: Building] INFO  o.e.m.c.i.embedder.EclipseLogger - Using 'UTF-8' encoding to copy filtered resources.
2022-03-23 12:18:29,737 [Worker-40: Building] INFO  o.e.m.c.i.embedder.EclipseLogger - skip non existing resourceDirectory C:\Users\rohan\Documents\workspace-spring-tool-suite-4-4.14.0.RELEASE\cg-feb18-spring-demo\src\main\resources
2022-03-23 12:18:29,738 [Worker-40: Building] INFO  o.e.m.c.i.embedder.EclipseLogger - Using 'UTF-8' encoding to copy filtered resources.
2022-03-23 12:18:29,738 [Worker-40: Building] INFO  o.e.m.c.i.embedder.EclipseLogger - skip non existing resourceDirectory C:\Users\rohan\Documents\workspace-spring-tool-suite-4-4.14.0.RELEASE\cg-feb18-spring-demo\src\test\resources
2022-03-23 12:18:44,080 [Worker-40: Building] INFO  o.e.m.c.i.embedder.EclipseLogger - Using 'UTF-8' encoding to copy filtered resources.
2022-03-23 12:18:44,081 [Worker-40: Building] INFO  o.e.m.c.i.embedder.EclipseLogger - skip non existing resourceDirectory C:\Users\rohan\Documents\workspace-spring-tool-suite-4-4.14.0.RELEASE\cg-feb18-spring-demo\src\main\resources
2022-03-23 12:18:44,083 [Worker-40: Building] INFO  o.e.m.c.i.embedder.EclipseLogger - Using 'UTF-8' encoding to copy filtered resources.
2022-03-23 12:18:44,084 [Worker-40: Building] INFO  o.e.m.c.i.embedder.EclipseLogger - skip non existing resourceDirectory C:\Users\rohan\Documents\workspace-spring-tool-suite-4-4.14.0.RELEASE\cg-feb18-spring-demo\src\test\resources
2022-03-23 12:22:32,745 [Worker-50: Building] INFO  o.e.m.c.i.embedder.EclipseLogger - Using 'UTF-8' encoding to copy filtered resources.
2022-03-23 12:22:32,746 [Worker-50: Building] INFO  o.e.m.c.i.embedder.EclipseLogger - skip non existing resourceDirectory C:\Users\rohan\Documents\workspace-spring-tool-suite-4-4.14.0.RELEASE\cg-feb18-spring-demo\src\main\resources
2022-03-23 12:22:32,748 [Worker-50: Building] INFO  o.e.m.c.i.embedder.EclipseLogger - Using 'UTF-8' encoding to copy filtered resources.
2022-03-23 12:22:32,748 [Worker-50: Building] INFO  o.e.m.c.i.embedder.EclipseLogger - skip non existing resourceDirectory C:\Users\rohan\Documents\workspace-spring-tool-suite-4-4.14.0.RELEASE\cg-feb18-spring-demo\src\test\resources
2022-03-23 12:23:24,835 [Worker-52: Building] INFO  o.e.m.c.i.embedder.EclipseLogger - Using 'UTF-8' encoding to copy filtered resources.
2022-03-23 12:23:24,836 [Worker-52: Building] INFO  o.e.m.c.i.embedder.EclipseLogger - skip non existing resourceDirectory C:\Users\rohan\Documents\workspace-spring-tool-suite-4-4.14.0.RELEASE\cg-feb18-spring-demo\src\main\resources
2022-03-23 12:23:24,840 [Worker-52: Building] INFO  o.e.m.c.i.embedder.EclipseLogger - Using 'UTF-8' encoding to copy filtered resources.
2022-03-23 12:23:24,841 [Worker-52: Building] INFO  o.e.m.c.i.embedder.EclipseLogger - skip non existing resourceDirectory C:\Users\rohan\Documents\workspace-spring-tool-suite-4-4.14.0.RELEASE\cg-feb18-spring-demo\src\test\resources
2022-03-23 12:35:17,619 [Worker-55: Building] INFO  o.e.m.c.i.embedder.EclipseLogger - Using 'UTF-8' encoding to copy filtered resources.
2022-03-23 12:35:17,620 [Worker-55: Building] INFO  o.e.m.c.i.embedder.EclipseLogger - skip non existing resourceDirectory C:\Users\rohan\Documents\workspace-spring-tool-suite-4-4.14.0.RELEASE\cg-feb18-spring-demo\src\main\resources
2022-03-23 12:35:17,628 [Worker-55: Building] INFO  o.e.m.c.i.embedder.EclipseLogger - Using 'UTF-8' encoding to copy filtered resources.
2022-03-23 12:35:17,629 [Worker-55: Building] INFO  o.e.m.c.i.embedder.EclipseLogger - skip non existing resourceDirectory C:\Users\rohan\Documents\workspace-spring-tool-suite-4-4.14.0.RELEASE\cg-feb18-spring-demo\src\test\resources
2022-03-23 12:35:33,356 [Worker-48: Building] INFO  o.e.m.c.i.embedder.EclipseLogger - Using 'UTF-8' encoding to copy filtered resources.
2022-03-23 12:35:33,356 [Worker-48: Building] INFO  o.e.m.c.i.embedder.EclipseLogger - skip non existing resourceDirectory C:\Users\rohan\Documents\workspace-spring-tool-suite-4-4.14.0.RELEASE\cg-feb18-spring-demo\src\main\resources
2022-03-23 12:35:33,357 [Worker-48: Building] INFO  o.e.m.c.i.embedder.EclipseLogger - Using 'UTF-8' encoding to copy filtered resources.
2022-03-23 12:35:33,357 [Worker-48: Building] INFO  o.e.m.c.i.embedder.EclipseLogger - skip non existing resourceDirectory C:\Users\rohan\Documents\workspace-spring-tool-suite-4-4.14.0.RELEASE\cg-feb18-spring-demo\src\test\resources
2022-03-23 12:35:47,569 [Worker-57: Launching App] INFO  o.e.m.c.i.embedder.EclipseLogger - Using 'UTF-8' encoding to copy filtered resources.
2022-03-23 12:35:47,570 [Worker-57: Launching App] INFO  o.e.m.c.i.embedder.EclipseLogger - skip non existing resourceDirectory C:\Users\rohan\Documents\workspace-spring-tool-suite-4-4.14.0.RELEASE\cg-feb18-spring-demo\src\main\resources
2022-03-23 12:35:47,571 [Worker-57: Launching App] INFO  o.e.m.c.i.embedder.EclipseLogger - Using 'UTF-8' encoding to copy filtered resources.
2022-03-23 12:35:47,571 [Worker-57: Launching App] INFO  o.e.m.c.i.embedder.EclipseLogger - skip non existing resourceDirectory C:\Users\rohan\Documents\workspace-spring-tool-suite-4-4.14.0.RELEASE\cg-feb18-spring-demo\src\test\resources
2022-03-23 15:57:08,587 [Worker-60: Launching App2] INFO  o.e.m.c.i.embedder.EclipseLogger - Using 'UTF-8' encoding to copy filtered resources.
2022-03-23 15:57:08,589 [Worker-60: Launching App2] INFO  o.e.m.c.i.embedder.EclipseLogger - skip non existing resourceDirectory C:\Users\rohan\Documents\workspace-spring-tool-suite-4-4.14.0.RELEASE\cg-feb18-spring-demo\src\main\resources
2022-03-23 15:57:08,592 [Worker-60: Launching App2] INFO  o.e.m.c.i.embedder.EclipseLogger - Using 'UTF-8' encoding to copy filtered resources.
2022-03-23 15:57:08,592 [Worker-60: Launching App2] INFO  o.e.m.c.i.embedder.EclipseLogger - skip non existing resourceDirectory C:\Users\rohan\Documents\workspace-spring-tool-suite-4-4.14.0.RELEASE\cg-feb18-spring-demo\src\test\resources
2022-03-23 16:00:36,195 [Worker-60: Building] INFO  o.e.m.c.i.embedder.EclipseLogger - Using 'UTF-8' encoding to copy filtered resources.
2022-03-23 16:00:36,196 [Worker-60: Building] INFO  o.e.m.c.i.embedder.EclipseLogger - skip non existing resourceDirectory C:\Users\rohan\Documents\workspace-spring-tool-suite-4-4.14.0.RELEASE\cg-feb18-spring-demo\src\main\resources
2022-03-23 16:00:36,198 [Worker-60: Building] INFO  o.e.m.c.i.embedder.EclipseLogger - Using 'UTF-8' encoding to copy filtered resources.
2022-03-23 16:00:36,199 [Worker-60: Building] INFO  o.e.m.c.i.embedder.EclipseLogger - skip non existing resourceDirectory C:\Users\rohan\Documents\workspace-spring-tool-suite-4-4.14.0.RELEASE\cg-feb18-spring-demo\src\test\resources
2022-03-23 16:03:30,167 [Worker-55: Building] INFO  o.e.m.c.i.embedder.EclipseLogger - Using 'UTF-8' encoding to copy filtered resources.
2022-03-23 16:03:30,168 [Worker-55: Building] INFO  o.e.m.c.i.embedder.EclipseLogger - skip non existing resourceDirectory C:\Users\rohan\Documents\workspace-spring-tool-suite-4-4.14.0.RELEASE\cg-feb18-spring-demo\src\main\resources
2022-03-23 16:03:30,170 [Worker-55: Building] INFO  o.e.m.c.i.embedder.EclipseLogger - Using 'UTF-8' encoding to copy filtered resources.
2022-03-23 16:03:30,171 [Worker-55: Building] INFO  o.e.m.c.i.embedder.EclipseLogger - skip non existing resourceDirectory C:\Users\rohan\Documents\workspace-spring-tool-suite-4-4.14.0.RELEASE\cg-feb18-spring-demo\src\test\resources
2022-03-23 16:04:19,120 [Worker-63: Building] INFO  o.e.m.c.i.embedder.EclipseLogger - Using 'UTF-8' encoding to copy filtered resources.
2022-03-23 16:04:19,121 [Worker-63: Building] INFO  o.e.m.c.i.embedder.EclipseLogger - skip non existing resourceDirectory C:\Users\rohan\Documents\workspace-spring-tool-suite-4-4.14.0.RELEASE\cg-feb18-spring-demo\src\main\resources
2022-03-23 16:04:19,123 [Worker-63: Building] INFO  o.e.m.c.i.embedder.EclipseLogger - Using 'UTF-8' encoding to copy filtered resources.
2022-03-23 16:04:19,123 [Worker-63: Building] INFO  o.e.m.c.i.embedder.EclipseLogger - skip non existing resourceDirectory C:\Users\rohan\Documents\workspace-spring-tool-suite-4-4.14.0.RELEASE\cg-feb18-spring-demo\src\test\resources
2022-03-23 16:04:26,367 [Worker-62: Building] INFO  o.e.m.c.i.embedder.EclipseLogger - Using 'UTF-8' encoding to copy filtered resources.
2022-03-23 16:04:26,368 [Worker-62: Building] INFO  o.e.m.c.i.embedder.EclipseLogger - skip non existing resourceDirectory C:\Users\rohan\Documents\workspace-spring-tool-suite-4-4.14.0.RELEASE\cg-feb18-spring-demo\src\main\resources
2022-03-23 16:04:26,372 [Worker-62: Building] INFO  o.e.m.c.i.embedder.EclipseLogger - Using 'UTF-8' encoding to copy filtered resources.
2022-03-23 16:04:26,372 [Worker-62: Building] INFO  o.e.m.c.i.embedder.EclipseLogger - skip non existing resourceDirectory C:\Users\rohan\Documents\workspace-spring-tool-suite-4-4.14.0.RELEASE\cg-feb18-spring-demo\src\test\resources
2022-03-23 16:04:59,913 [Worker-64: Building] INFO  o.e.m.c.i.embedder.EclipseLogger - Using 'UTF-8' encoding to copy filtered resources.
2022-03-23 16:04:59,914 [Worker-64: Building] INFO  o.e.m.c.i.embedder.EclipseLogger - skip non existing resourceDirectory C:\Users\rohan\Documents\workspace-spring-tool-suite-4-4.14.0.RELEASE\cg-feb18-spring-demo\src\main\resources
2022-03-23 16:04:59,917 [Worker-64: Building] INFO  o.e.m.c.i.embedder.EclipseLogger - Using 'UTF-8' encoding to copy filtered resources.
2022-03-23 16:04:59,917 [Worker-64: Building] INFO  o.e.m.c.i.embedder.EclipseLogger - skip non existing resourceDirectory C:\Users\rohan\Documents\workspace-spring-tool-suite-4-4.14.0.RELEASE\cg-feb18-spring-demo\src\test\resources
2022-03-23 16:06:10,761 [Worker-55: Building] INFO  o.e.m.c.i.embedder.EclipseLogger - Using 'UTF-8' encoding to copy filtered resources.
2022-03-23 16:06:10,762 [Worker-55: Building] INFO  o.e.m.c.i.embedder.EclipseLogger - skip non existing resourceDirectory C:\Users\rohan\Documents\workspace-spring-tool-suite-4-4.14.0.RELEASE\cg-feb18-spring-demo\src\main\resources
2022-03-23 16:06:10,764 [Worker-55: Building] INFO  o.e.m.c.i.embedder.EclipseLogger - Using 'UTF-8' encoding to copy filtered resources.
2022-03-23 16:06:10,765 [Worker-55: Building] INFO  o.e.m.c.i.embedder.EclipseLogger - skip non existing resourceDirectory C:\Users\rohan\Documents\workspace-spring-tool-suite-4-4.14.0.RELEASE\cg-feb18-spring-demo\src\test\resources
2022-03-23 16:06:37,900 [Worker-64: Building] INFO  o.e.m.c.i.embedder.EclipseLogger - Using 'UTF-8' encoding to copy filtered resources.
2022-03-23 16:06:37,901 [Worker-64: Building] INFO  o.e.m.c.i.embedder.EclipseLogger - skip non existing resourceDirectory C:\Users\rohan\Documents\workspace-spring-tool-suite-4-4.14.0.RELEASE\cg-feb18-spring-demo\src\main\resources
2022-03-23 16:06:37,903 [Worker-64: Building] INFO  o.e.m.c.i.embedder.EclipseLogger - Using 'UTF-8' encoding to copy filtered resources.
2022-03-23 16:06:37,903 [Worker-64: Building] INFO  o.e.m.c.i.embedder.EclipseLogger - skip non existing resourceDirectory C:\Users\rohan\Documents\workspace-spring-tool-suite-4-4.14.0.RELEASE\cg-feb18-spring-demo\src\test\resources
2022-03-23 16:08:17,668 [Worker-64: Building] INFO  o.e.m.c.i.embedder.EclipseLogger - Using 'UTF-8' encoding to copy filtered resources.
2022-03-23 16:08:17,669 [Worker-64: Building] INFO  o.e.m.c.i.embedder.EclipseLogger - skip non existing resourceDirectory C:\Users\rohan\Documents\workspace-spring-tool-suite-4-4.14.0.RELEASE\cg-feb18-spring-demo\src\main\resources
2022-03-23 16:08:17,670 [Worker-64: Building] INFO  o.e.m.c.i.embedder.EclipseLogger - Using 'UTF-8' encoding to copy filtered resources.
2022-03-23 16:08:17,670 [Worker-64: Building] INFO  o.e.m.c.i.embedder.EclipseLogger - skip non existing resourceDirectory C:\Users\rohan\Documents\workspace-spring-tool-suite-4-4.14.0.RELEASE\cg-feb18-spring-demo\src\test\resources
2022-03-23 16:12:10,546 [Worker-60: Building] INFO  o.e.m.c.i.embedder.EclipseLogger - Using 'UTF-8' encoding to copy filtered resources.
2022-03-23 16:12:10,547 [Worker-60: Building] INFO  o.e.m.c.i.embedder.EclipseLogger - skip non existing resourceDirectory C:\Users\rohan\Documents\workspace-spring-tool-suite-4-4.14.0.RELEASE\cg-feb18-spring-demo\src\main\resources
2022-03-23 16:12:10,548 [Worker-60: Building] INFO  o.e.m.c.i.embedder.EclipseLogger - Using 'UTF-8' encoding to copy filtered resources.
2022-03-23 16:12:10,548 [Worker-60: Building] INFO  o.e.m.c.i.embedder.EclipseLogger - skip non existing resourceDirectory C:\Users\rohan\Documents\workspace-spring-tool-suite-4-4.14.0.RELEASE\cg-feb18-spring-demo\src\test\resources
2022-03-23 16:13:23,930 [Worker-66: Launching Lab1] INFO  o.e.m.c.i.embedder.EclipseLogger - Using 'UTF-8' encoding to copy filtered resources.
2022-03-23 16:13:23,931 [Worker-66: Launching Lab1] INFO  o.e.m.c.i.embedder.EclipseLogger - skip non existing resourceDirectory C:\Users\rohan\Documents\workspace-spring-tool-suite-4-4.14.0.RELEASE\cg-feb18-spring-demo\src\main\resources
2022-03-23 16:13:23,932 [Worker-66: Launching Lab1] INFO  o.e.m.c.i.embedder.EclipseLogger - Using 'UTF-8' encoding to copy filtered resources.
2022-03-23 16:13:23,933 [Worker-66: Launching Lab1] INFO  o.e.m.c.i.embedder.EclipseLogger - skip non existing resourceDirectory C:\Users\rohan\Documents\workspace-spring-tool-suite-4-4.14.0.RELEASE\cg-feb18-spring-demo\src\test\resources
2022-03-23 16:16:23,386 [Worker-66: Building] INFO  o.e.m.c.i.embedder.EclipseLogger - Using 'UTF-8' encoding to copy filtered resources.
2022-03-23 16:16:23,386 [Worker-66: Building] INFO  o.e.m.c.i.embedder.EclipseLogger - skip non existing resourceDirectory C:\Users\rohan\Documents\workspace-spring-tool-suite-4-4.14.0.RELEASE\cg-feb18-spring-demo\src\main\resources
2022-03-23 16:16:23,387 [Worker-66: Building] INFO  o.e.m.c.i.embedder.EclipseLogger - Using 'UTF-8' encoding to copy filtered resources.
2022-03-23 16:16:23,388 [Worker-66: Building] INFO  o.e.m.c.i.embedder.EclipseLogger - skip non existing resourceDirectory C:\Users\rohan\Documents\workspace-spring-tool-suite-4-4.14.0.RELEASE\cg-feb18-spring-demo\src\test\resources
2022-03-23 16:20:54,966 [Worker-60: Building] INFO  o.e.m.c.i.embedder.EclipseLogger - Using 'UTF-8' encoding to copy filtered resources.
2022-03-23 16:20:54,967 [Worker-60: Building] INFO  o.e.m.c.i.embedder.EclipseLogger - skip non existing resourceDirectory C:\Users\rohan\Documents\workspace-spring-tool-suite-4-4.14.0.RELEASE\cg-feb18-spring-demo\src\main\resources
2022-03-23 16:20:54,968 [Worker-60: Building] INFO  o.e.m.c.i.embedder.EclipseLogger - Using 'UTF-8' encoding to copy filtered resources.
2022-03-23 16:20:54,968 [Worker-60: Building] INFO  o.e.m.c.i.embedder.EclipseLogger - skip non existing resourceDirectory C:\Users\rohan\Documents\workspace-spring-tool-suite-4-4.14.0.RELEASE\cg-feb18-spring-demo\src\test\resources
2022-03-23 16:20:58,242 [Worker-70: Building] INFO  o.e.m.c.i.embedder.EclipseLogger - Using 'UTF-8' encoding to copy filtered resources.
2022-03-23 16:20:58,243 [Worker-70: Building] INFO  o.e.m.c.i.embedder.EclipseLogger - skip non existing resourceDirectory C:\Users\rohan\Documents\workspace-spring-tool-suite-4-4.14.0.RELEASE\cg-feb18-spring-demo\src\main\resources
2022-03-23 16:20:58,243 [Worker-70: Building] INFO  o.e.m.c.i.embedder.EclipseLogger - Using 'UTF-8' encoding to copy filtered resources.
2022-03-23 16:20:58,244 [Worker-70: Building] INFO  o.e.m.c.i.embedder.EclipseLogger - skip non existing resourceDirectory C:\Users\rohan\Documents\workspace-spring-tool-suite-4-4.14.0.RELEASE\cg-feb18-spring-demo\src\test\resources
2022-03-23 16:21:15,567 [Worker-66: Building] INFO  o.e.m.c.i.embedder.EclipseLogger - Using 'UTF-8' encoding to copy filtered resources.
2022-03-23 16:21:15,567 [Worker-66: Building] INFO  o.e.m.c.i.embedder.EclipseLogger - skip non existing resourceDirectory C:\Users\rohan\Documents\workspace-spring-tool-suite-4-4.14.0.RELEASE\cg-feb18-spring-demo\src\main\resources
2022-03-23 16:21:15,568 [Worker-66: Building] INFO  o.e.m.c.i.embedder.EclipseLogger - Using 'UTF-8' encoding to copy filtered resources.
2022-03-23 16:21:15,568 [Worker-66: Building] INFO  o.e.m.c.i.embedder.EclipseLogger - skip non existing resourceDirectory C:\Users\rohan\Documents\workspace-spring-tool-suite-4-4.14.0.RELEASE\cg-feb18-spring-demo\src\test\resources
2022-03-23 16:21:44,598 [Worker-60: Building] INFO  o.e.m.c.i.embedder.EclipseLogger - Using 'UTF-8' encoding to copy filtered resources.
2022-03-23 16:21:44,599 [Worker-60: Building] INFO  o.e.m.c.i.embedder.EclipseLogger - skip non existing resourceDirectory C:\Users\rohan\Documents\workspace-spring-tool-suite-4-4.14.0.RELEASE\cg-feb18-spring-demo\src\main\resources
2022-03-23 16:21:44,599 [Worker-60: Building] INFO  o.e.m.c.i.embedder.EclipseLogger - Using 'UTF-8' encoding to copy filtered resources.
2022-03-23 16:21:44,599 [Worker-60: Building] INFO  o.e.m.c.i.embedder.EclipseLogger - skip non existing resourceDirectory C:\Users\rohan\Documents\workspace-spring-tool-suite-4-4.14.0.RELEASE\cg-feb18-spring-demo\src\test\resources
2022-03-23 16:23:08,615 [Worker-70: Building] INFO  o.e.m.c.i.embedder.EclipseLogger - Using 'UTF-8' encoding to copy filtered resources.
2022-03-23 16:23:08,615 [Worker-70: Building] INFO  o.e.m.c.i.embedder.EclipseLogger - skip non existing resourceDirectory C:\Users\rohan\Documents\workspace-spring-tool-suite-4-4.14.0.RELEASE\cg-feb18-spring-demo\src\main\resources
2022-03-23 16:23:08,616 [Worker-70: Building] INFO  o.e.m.c.i.embedder.EclipseLogger - Using 'UTF-8' encoding to copy filtered resources.
2022-03-23 16:23:08,617 [Worker-70: Building] INFO  o.e.m.c.i.embedder.EclipseLogger - skip non existing resourceDirectory C:\Users\rohan\Documents\workspace-spring-tool-suite-4-4.14.0.RELEASE\cg-feb18-spring-demo\src\test\resources
2022-03-23 16:23:56,035 [Worker-71: Building] INFO  o.e.m.c.i.embedder.EclipseLogger - Using 'UTF-8' encoding to copy filtered resources.
2022-03-23 16:23:56,036 [Worker-71: Building] INFO  o.e.m.c.i.embedder.EclipseLogger - skip non existing resourceDirectory C:\Users\rohan\Documents\workspace-spring-tool-suite-4-4.14.0.RELEASE\cg-feb18-spring-demo\src\main\resources
2022-03-23 16:23:56,037 [Worker-71: Building] INFO  o.e.m.c.i.embedder.EclipseLogger - Using 'UTF-8' encoding to copy filtered resources.
2022-03-23 16:23:56,037 [Worker-71: Building] INFO  o.e.m.c.i.embedder.EclipseLogger - skip non existing resourceDirectory C:\Users\rohan\Documents\workspace-spring-tool-suite-4-4.14.0.RELEASE\cg-feb18-spring-demo\src\test\resources
2022-03-23 16:24:01,225 [Worker-66: Building] INFO  o.e.m.c.i.embedder.EclipseLogger - Using 'UTF-8' encoding to copy filtered resources.
2022-03-23 16:24:01,226 [Worker-66: Building] INFO  o.e.m.c.i.embedder.EclipseLogger - skip non existing resourceDirectory C:\Users\rohan\Documents\workspace-spring-tool-suite-4-4.14.0.RELEASE\cg-feb18-spring-demo\src\main\resources
2022-03-23 16:24:01,226 [Worker-66: Building] INFO  o.e.m.c.i.embedder.EclipseLogger - Using 'UTF-8' encoding to copy filtered resources.
2022-03-23 16:24:01,226 [Worker-66: Building] INFO  o.e.m.c.i.embedder.EclipseLogger - skip non existing resourceDirectory C:\Users\rohan\Documents\workspace-spring-tool-suite-4-4.14.0.RELEASE\cg-feb18-spring-demo\src\test\resources
2022-03-23 16:24:44,738 [Worker-71: Building] INFO  o.e.m.c.i.embedder.EclipseLogger - Using 'UTF-8' encoding to copy filtered resources.
2022-03-23 16:24:44,738 [Worker-71: Building] INFO  o.e.m.c.i.embedder.EclipseLogger - skip non existing resourceDirectory C:\Users\rohan\Documents\workspace-spring-tool-suite-4-4.14.0.RELEASE\cg-feb18-spring-demo\src\main\resources
2022-03-23 16:24:44,739 [Worker-71: Building] INFO  o.e.m.c.i.embedder.EclipseLogger - Using 'UTF-8' encoding to copy filtered resources.
2022-03-23 16:24:44,740 [Worker-71: Building] INFO  o.e.m.c.i.embedder.EclipseLogger - skip non existing resourceDirectory C:\Users\rohan\Documents\workspace-spring-tool-suite-4-4.14.0.RELEASE\cg-feb18-spring-demo\src\test\resources
2022-03-23 16:25:35,656 [Worker-71: Building] INFO  o.e.m.c.i.embedder.EclipseLogger - Using 'UTF-8' encoding to copy filtered resources.
2022-03-23 16:25:35,657 [Worker-71: Building] INFO  o.e.m.c.i.embedder.EclipseLogger - skip non existing resourceDirectory C:\Users\rohan\Documents\workspace-spring-tool-suite-4-4.14.0.RELEASE\cg-feb18-spring-demo\src\main\resources
2022-03-23 16:25:35,657 [Worker-71: Building] INFO  o.e.m.c.i.embedder.EclipseLogger - Using 'UTF-8' encoding to copy filtered resources.
2022-03-23 16:25:35,658 [Worker-71: Building] INFO  o.e.m.c.i.embedder.EclipseLogger - skip non existing resourceDirectory C:\Users\rohan\Documents\workspace-spring-tool-suite-4-4.14.0.RELEASE\cg-feb18-spring-demo\src\test\resources
2022-03-23 16:26:18,269 [Worker-72: Building] INFO  o.e.m.c.i.embedder.EclipseLogger - Using 'UTF-8' encoding to copy filtered resources.
2022-03-23 16:26:18,270 [Worker-72: Building] INFO  o.e.m.c.i.embedder.EclipseLogger - skip non existing resourceDirectory C:\Users\rohan\Documents\workspace-spring-tool-suite-4-4.14.0.RELEASE\cg-feb18-spring-demo\src\main\resources
2022-03-23 16:26:18,270 [Worker-72: Building] INFO  o.e.m.c.i.embedder.EclipseLogger - Using 'UTF-8' encoding to copy filtered resources.
2022-03-23 16:26:18,270 [Worker-72: Building] INFO  o.e.m.c.i.embedder.EclipseLogger - skip non existing resourceDirectory C:\Users\rohan\Documents\workspace-spring-tool-suite-4-4.14.0.RELEASE\cg-feb18-spring-demo\src\test\resources
2022-03-23 16:26:22,510 [Worker-66: Building] INFO  o.e.m.c.i.embedder.EclipseLogger - Using 'UTF-8' encoding to copy filtered resources.
2022-03-23 16:26:22,511 [Worker-66: Building] INFO  o.e.m.c.i.embedder.EclipseLogger - skip non existing resourceDirectory C:\Users\rohan\Documents\workspace-spring-tool-suite-4-4.14.0.RELEASE\cg-feb18-spring-demo\src\main\resources
2022-03-23 16:26:22,511 [Worker-66: Building] INFO  o.e.m.c.i.embedder.EclipseLogger - Using 'UTF-8' encoding to copy filtered resources.
2022-03-23 16:26:22,511 [Worker-66: Building] INFO  o.e.m.c.i.embedder.EclipseLogger - skip non existing resourceDirectory C:\Users\rohan\Documents\workspace-spring-tool-suite-4-4.14.0.RELEASE\cg-feb18-spring-demo\src\test\resources
2022-03-23 16:26:41,926 [Worker-72: Building] INFO  o.e.m.c.i.embedder.EclipseLogger - Using 'UTF-8' encoding to copy filtered resources.
2022-03-23 16:26:41,926 [Worker-72: Building] INFO  o.e.m.c.i.embedder.EclipseLogger - skip non existing resourceDirectory C:\Users\rohan\Documents\workspace-spring-tool-suite-4-4.14.0.RELEASE\cg-feb18-spring-demo\src\main\resources
2022-03-23 16:26:41,926 [Worker-72: Building] INFO  o.e.m.c.i.embedder.EclipseLogger - Using 'UTF-8' encoding to copy filtered resources.
2022-03-23 16:26:41,927 [Worker-72: Building] INFO  o.e.m.c.i.embedder.EclipseLogger - skip non existing resourceDirectory C:\Users\rohan\Documents\workspace-spring-tool-suite-4-4.14.0.RELEASE\cg-feb18-spring-demo\src\test\resources
2022-03-23 16:30:33,830 [Worker-71: Building] INFO  o.e.m.c.i.embedder.EclipseLogger - Using 'UTF-8' encoding to copy filtered resources.
2022-03-23 16:30:33,830 [Worker-71: Building] INFO  o.e.m.c.i.embedder.EclipseLogger - skip non existing resourceDirectory C:\Users\rohan\Documents\workspace-spring-tool-suite-4-4.14.0.RELEASE\cg-feb18-spring-demo\src\main\resources
2022-03-23 16:30:33,831 [Worker-71: Building] INFO  o.e.m.c.i.embedder.EclipseLogger - Using 'UTF-8' encoding to copy filtered resources.
2022-03-23 16:30:33,831 [Worker-71: Building] INFO  o.e.m.c.i.embedder.EclipseLogger - skip non existing resourceDirectory C:\Users\rohan\Documents\workspace-spring-tool-suite-4-4.14.0.RELEASE\cg-feb18-spring-demo\src\test\resources
2022-03-23 16:31:10,495 [Worker-70: Building] INFO  o.e.m.c.i.embedder.EclipseLogger - Using 'UTF-8' encoding to copy filtered resources.
2022-03-23 16:31:10,495 [Worker-70: Building] INFO  o.e.m.c.i.embedder.EclipseLogger - skip non existing resourceDirectory C:\Users\rohan\Documents\workspace-spring-tool-suite-4-4.14.0.RELEASE\cg-feb18-spring-demo\src\main\resources
2022-03-23 16:31:10,495 [Worker-70: Building] INFO  o.e.m.c.i.embedder.EclipseLogger - Using 'UTF-8' encoding to copy filtered resources.
2022-03-23 16:31:10,495 [Worker-70: Building] INFO  o.e.m.c.i.embedder.EclipseLogger - skip non existing resourceDirectory C:\Users\rohan\Documents\workspace-spring-tool-suite-4-4.14.0.RELEASE\cg-feb18-spring-demo\src\test\resources
2022-03-23 16:31:29,454 [Worker-72: Building] INFO  o.e.m.c.i.embedder.EclipseLogger - Using 'UTF-8' encoding to copy filtered resources.
2022-03-23 16:31:29,454 [Worker-72: Building] INFO  o.e.m.c.i.embedder.EclipseLogger - skip non existing resourceDirectory C:\Users\rohan\Documents\workspace-spring-tool-suite-4-4.14.0.RELEASE\cg-feb18-spring-demo\src\main\resources
2022-03-23 16:31:29,455 [Worker-72: Building] INFO  o.e.m.c.i.embedder.EclipseLogger - Using 'UTF-8' encoding to copy filtered resources.
2022-03-23 16:31:29,455 [Worker-72: Building] INFO  o.e.m.c.i.embedder.EclipseLogger - skip non existing resourceDirectory C:\Users\rohan\Documents\workspace-spring-tool-suite-4-4.14.0.RELEASE\cg-feb18-spring-demo\src\test\resources
